Using pre-set license
Built from '2021.3/staging' branch; Version is '2021.3.16f1 (4016570cf34f) revision 4200023'; Using compiler version '192829333'; Build Type 'Release'
OS: 'Windows 11  (10.0.22621) 64bit Core' Language: 'en' Physical Memory: 7520 MB
BatchMode: 1, IsHumanControllingUs: 0, StartBugReporterOnCrash: 0, Is64bit: 1, IsPro: 1

COMMAND LINE ARGUMENTS:
C:\Program Files\Unity\Hub\Editor\2021.3.16f1\Editor\Unity.exe
-adb2
-batchMode
-noUpm
-name
AssetImportWorker1
-projectPath
C:/Users/crllm/OneDrive/Desktop/CPETECHUNITY/FindingDory/FindingDoryGameProject/Finding Dory
-logFile
Logs/AssetImportWorker1.log
-srvPort
53557
Successfully changed project path to: C:/Users/crllm/OneDrive/Desktop/CPETECHUNITY/FindingDory/FindingDoryGameProject/Finding Dory
C:/Users/crllm/OneDrive/Desktop/CPETECHUNITY/FindingDory/FindingDoryGameProject/Finding Dory
[UnityMemory] Configuration Parameters - Can be set up in boot.config
    "memorysetup-bucket-allocator-granularity=16"
    "memorysetup-bucket-allocator-bucket-count=8"
    "memorysetup-bucket-allocator-block-size=33554432"
    "memorysetup-bucket-allocator-block-count=8"
    "memorysetup-main-allocator-block-size=16777216"
    "memorysetup-thread-allocator-block-size=16777216"
    "memorysetup-gfx-main-allocator-block-size=16777216"
    "memorysetup-gfx-thread-allocator-block-size=16777216"
    "memorysetup-cache-allocator-block-size=4194304"
    "memorysetup-typetree-allocator-block-size=2097152"
    "memorysetup-profiler-bucket-allocator-granularity=16"
    "memorysetup-profiler-bucket-allocator-bucket-count=8"
    "memorysetup-profiler-bucket-allocator-block-size=33554432"
    "memorysetup-profiler-bucket-allocator-block-count=8"
    "memorysetup-profiler-allocator-block-size=16777216"
    "memorysetup-profiler-editor-allocator-block-size=1048576"
    "memorysetup-temp-allocator-size-main=16777216"
    "memorysetup-job-temp-allocator-block-size=2097152"
    "memorysetup-job-temp-allocator-block-size-background=1048576"
    "memorysetup-job-temp-allocator-reduction-small-platforms=262144"
    "memorysetup-temp-allocator-size-background-worker=32768"
    "memorysetup-temp-allocator-size-job-worker=262144"
    "memorysetup-temp-allocator-size-preload-manager=33554432"
    "memorysetup-temp-allocator-size-nav-mesh-worker=65536"
    "memorysetup-temp-allocator-size-audio-worker=65536"
    "memorysetup-temp-allocator-size-cloud-worker=32768"
    "memorysetup-temp-allocator-size-gi-baking-worker=262144"
    "memorysetup-temp-allocator-size-gfx=262144"
Player connection [14416] Host "[IP] 192.168.1.5 [Port] 0 [Flags] 2 [Guid] 290335749 [EditorId] 290335749 [Version] 1048832 [Id] WindowsEditor(7,Chito) [Debug] 1 [PackageName] WindowsEditor [ProjectName] Editor" joined multi-casting on [225.0.0.222:54997]...

Player connection [14416] Host "[IP] 192.168.1.5 [Port] 0 [Flags] 2 [Guid] 290335749 [EditorId] 290335749 [Version] 1048832 [Id] WindowsEditor(7,Chito) [Debug] 1 [PackageName] WindowsEditor [ProjectName] Editor" joined alternative multi-casting on [225.0.0.222:34997]...

Refreshing native plugins compatible for Editor in 102.56 ms, found 4 plugins.
Preloading 0 native plugins for Editor in 0.00 ms.
Initialize engine version: 2021.3.16f1 (4016570cf34f)
[Subsystems] Discovering subsystems at path C:/Program Files/Unity/Hub/Editor/2021.3.16f1/Editor/Data/Resources/UnitySubsystems
[Subsystems] Discovering subsystems at path C:/Users/crllm/OneDrive/Desktop/CPETECHUNITY/FindingDory/FindingDoryGameProject/Finding Dory/Assets
GfxDevice: creating device client; threaded=0; jobified=0
Direct3D:
    Version:  Direct3D 11.0 [level 11.1]
    Renderer: AMD Radeon (TM) Graphics (ID=0x15e7)
    Vendor:   ATI
    VRAM:     3760 MB
    Driver:   30.0.14056.7
Initialize mono
Mono path[0] = 'C:/Program Files/Unity/Hub/Editor/2021.3.16f1/Editor/Data/Managed'
Mono path[1] = 'C:/Program Files/Unity/Hub/Editor/2021.3.16f1/Editor/Data/MonoBleedingEdge/lib/mono/unityjit-win32'
Mono config path = 'C:/Program Files/Unity/Hub/Editor/2021.3.16f1/Editor/Data/MonoBleedingEdge/etc'
Using monoOptions --debugger-agent=transport=dt_socket,embedding=1,server=y,suspend=n,address=127.0.0.1:56640
Begin MonoManager ReloadAssembly
Registering precompiled unity dll's ...
Register platform support module: C:/Program Files/Unity/Hub/Editor/2021.3.16f1/Editor/Data/PlaybackEngines/WebGLSupport/UnityEditor.WebGL.Extensions.dll
Register platform support module: C:/Program Files/Unity/Hub/Editor/2021.3.16f1/Editor/Data/PlaybackEngines/WindowsStandaloneSupport/UnityEditor.WindowsStandalone.Extensions.dll
Registered in 0.005132 seconds.
Native extension for WindowsStandalone target not found
Native extension for WebGL target not found
Refreshing native plugins compatible for Editor in 95.93 ms, found 4 plugins.
Preloading 0 native plugins for Editor in 0.00 ms.
Mono: successfully reloaded assembly
- Completed reload, in  0.632 seconds
Domain Reload Profiling:
	ReloadAssembly (632ms)
		BeginReloadAssembly (72ms)
			ExecutionOrderSort (0ms)
			DisableScriptedObjects (0ms)
			BackupInstance (0ms)
			ReleaseScriptingObjects (0ms)
			CreateAndSetChildDomain (1ms)
		EndReloadAssembly (444ms)
			LoadAssemblies (70ms)
			RebuildTransferFunctionScriptingTraits (0ms)
			SetupTypeCache (94ms)
			ReleaseScriptCaches (0ms)
			RebuildScriptCaches (26ms)
			SetupLoadedEditorAssemblies (272ms)
				LogAssemblyErrors (0ms)
				InitializePlatformSupportModulesInManaged (8ms)
				SetLoadedEditorAssemblies (0ms)
				RefreshPlugins (96ms)
				BeforeProcessingInitializeOnLoad (1ms)
				ProcessInitializeOnLoadAttributes (122ms)
				ProcessInitializeOnLoadMethodAttributes (44ms)
				AfterProcessingInitializeOnLoad (0ms)
				EditorAssembliesLoaded (0ms)
			ExecutionOrderSort2 (0ms)
			AwakeInstancesAfterBackupRestoration (0ms)
Platform modules already initialized, skipping
Registering precompiled user dll's ...
Registered in 0.007669 seconds.
Begin MonoManager ReloadAssembly
Symbol file LoadedFromMemory doesn't match image C:\Users\crllm\OneDrive\Desktop\CPETECHUNITY\FindingDory\FindingDoryGameProject\Finding Dory\Library\PackageCache\com.unity.visualscripting@1.7.8\Editor\VisualScripting.Core\Dependencies\YamlDotNet\Unity.VisualScripting.YamlDotNet.dll
Symbol file LoadedFromMemory doesn't match image C:\Users\crllm\OneDrive\Desktop\CPETECHUNITY\FindingDory\FindingDoryGameProject\Finding Dory\Library\PackageCache\com.unity.visualscripting@1.7.8\Editor\VisualScripting.Core\Dependencies\DotNetZip\Unity.VisualScripting.IonicZip.dll
Native extension for WindowsStandalone target not found
Native extension for WebGL target not found
Refreshing native plugins compatible for Editor in 100.15 ms, found 4 plugins.
Preloading 0 native plugins for Editor in 0.00 ms.
Mono: successfully reloaded assembly
- Completed reload, in  1.449 seconds
Domain Reload Profiling:
	ReloadAssembly (1450ms)
		BeginReloadAssembly (108ms)
			ExecutionOrderSort (0ms)
			DisableScriptedObjects (6ms)
			BackupInstance (0ms)
			ReleaseScriptingObjects (0ms)
			CreateAndSetChildDomain (21ms)
		EndReloadAssembly (1217ms)
			LoadAssemblies (85ms)
			RebuildTransferFunctionScriptingTraits (0ms)
			SetupTypeCache (418ms)
			ReleaseScriptCaches (1ms)
			RebuildScriptCaches (52ms)
			SetupLoadedEditorAssemblies (606ms)
				LogAssemblyErrors (0ms)
				InitializePlatformSupportModulesInManaged (6ms)
				SetLoadedEditorAssemblies (0ms)
				RefreshPlugins (100ms)
				BeforeProcessingInitializeOnLoad (101ms)
				ProcessInitializeOnLoadAttributes (348ms)
				ProcessInitializeOnLoadMethodAttributes (44ms)
				AfterProcessingInitializeOnLoad (7ms)
				EditorAssembliesLoaded (0ms)
			ExecutionOrderSort2 (0ms)
			AwakeInstancesAfterBackupRestoration (6ms)
Platform modules already initialized, skipping
========================================================================
Worker process is ready to serve import requests
Launched and connected shader compiler UnityShaderCompiler.exe after 0.09 seconds
Refreshing native plugins compatible for Editor in 0.98 ms, found 4 plugins.
Preloading 0 native plugins for Editor in 0.00 ms.
Unloading 4104 Unused Serialized files (Serialized files now loaded: 0)
Unloading 38 unused Assets / (56.1 KB). Loaded Objects now: 4565.
Memory consumption went from 156.0 MB to 155.9 MB.
Total: 3.609100 ms (FindLiveObjects: 0.334700 ms CreateObjectMapping: 0.165300 ms MarkObjects: 3.015000 ms  DeleteObjects: 0.093100 ms)

AssetImportParameters requested are different than current active one (requested -> active):
  custom:video-decoder-ogg-theora: a1e56fd34408186e4bbccfd4996cb3dc -> 
  custom:container-muxer-webm: aa71ff27fc2769a1b78a27578f13a17b -> 
  custom:container-demuxer-webm: 4f35f7cbe854078d1ac9338744f61a02 -> 
  custom:video-encoder-webm-vp8: eb34c28f22e8b96e1ab97ce403110664 -> 
  custom:audio-encoder-webm-vorbis: bf7c407c2cedff20999df2af8eb42d56 -> 
  custom:framework-win-MediaFoundation: 216162199b28c13a410421893ffa2e32 -> 
  custom:container-demuxer-ogg: 62fdf1f143b41e24485cea50d1cbac27 -> 
  custom:video-decoder-webm-vp8: 9c59270c3fd7afecdb556c50c9e8de78 -> 
  custom:audio-decoder-ogg-vorbis: bf7c407c2cedff20999df2af8eb42d56 -> 
========================================================================
Received Import Request.
  Time since last request: 980830.309421 seconds.
  path: Assets/Finding Dory Assets/Finding Dory Assets/How to Play Text.png
  artifactKey: Guid(66e334c696bf32d4792a6541313fcaf8) Importer(815301076,1909f56bfc062723c751e8b465ee728b)
Start importing Assets/Finding Dory Assets/Finding Dory Assets/How to Play Text.png using Guid(66e334c696bf32d4792a6541313fcaf8) Importer(815301076,1909f56bfc062723c751e8b465ee728b)  -> (artifact id: 'c545a61d5c8182e77ae0d0d35b61e849') in 0.268339 seconds 
========================================================================
Received Import Request.
  Time since last request: 0.000025 seconds.
  path: Assets/Finding Dory Assets/Finding Dory Assets/About Us Text.png
  artifactKey: Guid(9ebed26951a560940851007ecfdb6ac7) Importer(815301076,1909f56bfc062723c751e8b465ee728b)
Start importing Assets/Finding Dory Assets/Finding Dory Assets/About Us Text.png using Guid(9ebed26951a560940851007ecfdb6ac7) Importer(815301076,1909f56bfc062723c751e8b465ee728b)  -> (artifact id: '8c0902bb43716b0d229b665a918dd668') in 0.123530 seconds 
========================================================================
Received Import Request.
  Time since last request: 0.000034 seconds.
  path: Assets/Finding Dory Assets/Finding Dory Assets/Background Platform.png
  artifactKey: Guid(8dcf21191221a0a41a465729c29544a4) Importer(815301076,1909f56bfc062723c751e8b465ee728b)
Start importing Assets/Finding Dory Assets/Finding Dory Assets/Background Platform.png using Guid(8dcf21191221a0a41a465729c29544a4) Importer(815301076,1909f56bfc062723c751e8b465ee728b)  -> (artifact id: 'f7ee23279f85321c4b225c5b1aae0b5e') in 0.029756 seconds 
========================================================================
Received Import Request.
  Time since last request: 0.000022 seconds.
  path: Assets/Finding Dory Assets/Finding Dory Assets/Credits Text Box (Sample Only).png
  artifactKey: Guid(4471d284231dde44a8464b08367706ce) Importer(815301076,1909f56bfc062723c751e8b465ee728b)
Start importing Assets/Finding Dory Assets/Finding Dory Assets/Credits Text Box (Sample Only).png using Guid(4471d284231dde44a8464b08367706ce) Importer(815301076,1909f56bfc062723c751e8b465ee728b)  -> (artifact id: 'b3c59a357080c02f6411ad388e16140b') in 0.125115 seconds 
========================================================================
Received Import Request.
  Time since last request: 0.000023 seconds.
  path: Assets/Finding Dory Assets/Finding Dory Assets/Continue Text Box.png
  artifactKey: Guid(57b438e553cbba445ab770e53dd95130) Importer(815301076,1909f56bfc062723c751e8b465ee728b)
Start importing Assets/Finding Dory Assets/Finding Dory Assets/Continue Text Box.png using Guid(57b438e553cbba445ab770e53dd95130) Importer(815301076,1909f56bfc062723c751e8b465ee728b)  -> (artifact id: '95337b9425dc949ca9feacc85c7fda8e') in 0.111048 seconds 
========================================================================
Received Import Request.
  Time since last request: 0.000027 seconds.
  path: Assets/Finding Dory Assets/Finding Dory Assets/Empty Text Box 1.png
  artifactKey: Guid(94d3cbd3634144245958a00083ac91d7) Importer(815301076,1909f56bfc062723c751e8b465ee728b)
Start importing Assets/Finding Dory Assets/Finding Dory Assets/Empty Text Box 1.png using Guid(94d3cbd3634144245958a00083ac91d7) Importer(815301076,1909f56bfc062723c751e8b465ee728b)  -> (artifact id: '665fac76edbc08901f06664114808074') in 0.114719 seconds 
========================================================================
Received Import Request.
  Time since last request: 0.000041 seconds.
  path: Assets/Finding Dory Assets/Finding Dory Assets/Guess the Fish Text  - Eel.png
  artifactKey: Guid(aabf1492fc02f9b43b3becd8e1c496ee) Importer(815301076,1909f56bfc062723c751e8b465ee728b)
Start importing Assets/Finding Dory Assets/Finding Dory Assets/Guess the Fish Text  - Eel.png using Guid(aabf1492fc02f9b43b3becd8e1c496ee) Importer(815301076,1909f56bfc062723c751e8b465ee728b)  -> (artifact id: '23597472e3d558de19be92fabae3a694') in 0.124547 seconds 
========================================================================
Received Import Request.
  Time since last request: 0.000023 seconds.
  path: Assets/Finding Dory Assets/Finding Dory Assets/Bloat.png
  artifactKey: Guid(7889e341728e7294d940db2d8bca5d7d) Importer(815301076,1909f56bfc062723c751e8b465ee728b)
Start importing Assets/Finding Dory Assets/Finding Dory Assets/Bloat.png using Guid(7889e341728e7294d940db2d8bca5d7d) Importer(815301076,1909f56bfc062723c751e8b465ee728b)  -> (artifact id: '48c86b9a24ebc505a83c6539cde6cc00') in 0.018209 seconds 
========================================================================
Received Import Request.
  Time since last request: 0.000024 seconds.
  path: Assets/Finding Dory Assets/Finding Dory Assets/Options Icon.png
  artifactKey: Guid(d17c95f38f47a3e47b5c3e2756cdfe67) Importer(815301076,1909f56bfc062723c751e8b465ee728b)
Start importing Assets/Finding Dory Assets/Finding Dory Assets/Options Icon.png using Guid(d17c95f38f47a3e47b5c3e2756cdfe67) Importer(815301076,1909f56bfc062723c751e8b465ee728b)  -> (artifact id: '9d6843f99b80cf74f1722dd28c26d639') in 0.117283 seconds 
========================================================================
Received Import Request.
  Time since last request: 0.000028 seconds.
  path: Assets/2. Main Menu Asset/Background.png
  artifactKey: Guid(9d0c1ee636afed645a1e5a5211b34cd5) Importer(815301076,1909f56bfc062723c751e8b465ee728b)
Start importing Assets/2. Main Menu Asset/Background.png using Guid(9d0c1ee636afed645a1e5a5211b34cd5) Importer(815301076,1909f56bfc062723c751e8b465ee728b)  -> (artifact id: 'f4a0a99b24c063658db2e02a753596dc') in 0.134175 seconds 
========================================================================
Received Import Request.
  Time since last request: 0.000029 seconds.
  path: Assets/Finding Dory Assets/Finding Dory Assets/Medium Button.png
  artifactKey: Guid(638a21e3da236294c96388f3be750358) Importer(815301076,1909f56bfc062723c751e8b465ee728b)
Start importing Assets/Finding Dory Assets/Finding Dory Assets/Medium Button.png using Guid(638a21e3da236294c96388f3be750358) Importer(815301076,1909f56bfc062723c751e8b465ee728b)  -> (artifact id: 'e22710daef0ae7e46e7c427f17870eb2') in 0.115051 seconds 
========================================================================
Received Import Request.
  Time since last request: 0.000021 seconds.
  path: Assets/3. Game Mode Asset/Background.png
  artifactKey: Guid(5476c2e00ab2a384784b8669b2e22384) Importer(815301076,1909f56bfc062723c751e8b465ee728b)
Start importing Assets/3. Game Mode Asset/Background.png using Guid(5476c2e00ab2a384784b8669b2e22384) Importer(815301076,1909f56bfc062723c751e8b465ee728b)  -> (artifact id: 'a6ba7eceda8e37f4e813421c6c36be2c') in 0.100039 seconds 
========================================================================
Received Import Request.
  Time since last request: 0.000048 seconds.
  path: Assets/Finding Dory Assets/Finding Dory Assets/Game Over Empty Text Box.png
  artifactKey: Guid(5d330434b09022046be5561d4e03f677) Importer(815301076,1909f56bfc062723c751e8b465ee728b)
Start importing Assets/Finding Dory Assets/Finding Dory Assets/Game Over Empty Text Box.png using Guid(5d330434b09022046be5561d4e03f677) Importer(815301076,1909f56bfc062723c751e8b465ee728b)  -> (artifact id: '52e15905dc9b023bb4c78ba94b6104dd') in 0.132216 seconds 
========================================================================
Received Import Request.
  Time since last request: 0.000036 seconds.
  path: Assets/Finding Dory Assets/Finding Dory Assets/Dory.png
  artifactKey: Guid(32811480877113c4e830290ccaace8d9) Importer(815301076,1909f56bfc062723c751e8b465ee728b)
Start importing Assets/Finding Dory Assets/Finding Dory Assets/Dory.png using Guid(32811480877113c4e830290ccaace8d9) Importer(815301076,1909f56bfc062723c751e8b465ee728b)  -> (artifact id: '4e8a4fdeb5c062c607f8ecc617d490fc') in 0.122465 seconds 
========================================================================
Received Import Request.
  Time since last request: 0.000039 seconds.
  path: Assets/Finding Dory Assets/Finding Dory Assets/Continue Title Text.png
  artifactKey: Guid(7570ca29f91c781459a72b5d25c2df31) Importer(815301076,1909f56bfc062723c751e8b465ee728b)
Start importing Assets/Finding Dory Assets/Finding Dory Assets/Continue Title Text.png using Guid(7570ca29f91c781459a72b5d25c2df31) Importer(815301076,1909f56bfc062723c751e8b465ee728b)  -> (artifact id: '94b949a8e59beadcc6a5e7a04ecf1b1f') in 0.125267 seconds 
========================================================================
Received Import Request.
  Time since last request: 0.000030 seconds.
  path: Assets/Finding Dory Assets/Finding Dory Assets/How to Play Title Text.png
  artifactKey: Guid(9659dab963043ad408217a51f077adc3) Importer(815301076,1909f56bfc062723c751e8b465ee728b)
Start importing Assets/Finding Dory Assets/Finding Dory Assets/How to Play Title Text.png using Guid(9659dab963043ad408217a51f077adc3) Importer(815301076,1909f56bfc062723c751e8b465ee728b)  -> (artifact id: '666bb2eb370c90416cb793888eafa11a') in 0.123254 seconds 
========================================================================
Received Import Request.
  Time since last request: 0.000033 seconds.
  path: Assets/2. Main Menu Asset/Play Button.png
  artifactKey: Guid(9d5ecac8c4792b349b847cf5424f14da) Importer(815301076,1909f56bfc062723c751e8b465ee728b)
Start importing Assets/2. Main Menu Asset/Play Button.png using Guid(9d5ecac8c4792b349b847cf5424f14da) Importer(815301076,1909f56bfc062723c751e8b465ee728b)  -> (artifact id: 'e0b4d72591b7dd6a0c96f8c65c67346f') in 0.029083 seconds 
========================================================================
Received Import Request.
  Time since last request: 0.000024 seconds.
  path: Assets/Finding Dory Assets/Finding Dory Assets/Menu Button.png
  artifactKey: Guid(adea0d4b7c0bc5f409bf3286b4740e14) Importer(815301076,1909f56bfc062723c751e8b465ee728b)
Start importing Assets/Finding Dory Assets/Finding Dory Assets/Menu Button.png using Guid(adea0d4b7c0bc5f409bf3286b4740e14) Importer(815301076,1909f56bfc062723c751e8b465ee728b)  -> (artifact id: '886030377eb4f5aa6ee0e52289a2b7d2') in 0.109983 seconds 
========================================================================
Received Import Request.
  Time since last request: 0.000022 seconds.
  path: Assets/Finding Dory Assets/Finding Dory Assets/Paused Title Text.png
  artifactKey: Guid(9658267e9dea44a4d91c36feea5e5330) Importer(815301076,1909f56bfc062723c751e8b465ee728b)
Start importing Assets/Finding Dory Assets/Finding Dory Assets/Paused Title Text.png using Guid(9658267e9dea44a4d91c36feea5e5330) Importer(815301076,1909f56bfc062723c751e8b465ee728b)  -> (artifact id: '2344102bcbeefc9cc9148eac16358e03') in 0.126934 seconds 
========================================================================
Received Import Request.
  Time since last request: 0.000032 seconds.
  path: Assets/Finding Dory Assets/Finding Dory Assets/Empty Text Box 3.png
  artifactKey: Guid(6f5608c22b5f2ac44ba19a3f1d0a4d3e) Importer(815301076,1909f56bfc062723c751e8b465ee728b)
Start importing Assets/Finding Dory Assets/Finding Dory Assets/Empty Text Box 3.png using Guid(6f5608c22b5f2ac44ba19a3f1d0a4d3e) Importer(815301076,1909f56bfc062723c751e8b465ee728b)  -> (artifact id: 'fdb8d42c536a25868042d1c882441ffb') in 0.116782 seconds 
========================================================================
Received Import Request.
  Time since last request: 0.000038 seconds.
  path: Assets/2. Main Menu Asset/Options Button.png
  artifactKey: Guid(0374cd20cfb574a449f7c8cbaedd4ef9) Importer(815301076,1909f56bfc062723c751e8b465ee728b)
Start importing Assets/2. Main Menu Asset/Options Button.png using Guid(0374cd20cfb574a449f7c8cbaedd4ef9) Importer(815301076,1909f56bfc062723c751e8b465ee728b)  -> (artifact id: 'dcb976961f2bff9b4f57e8eca0b82eb7') in 0.018790 seconds 
========================================================================
Received Import Request.
  Time since last request: 0.000043 seconds.
  path: Assets/Finding Dory Assets/Finding Dory Assets/Ground.png
  artifactKey: Guid(a4e7a1537865fa84fb1e501e10959aac) Importer(815301076,1909f56bfc062723c751e8b465ee728b)
Start importing Assets/Finding Dory Assets/Finding Dory Assets/Ground.png using Guid(a4e7a1537865fa84fb1e501e10959aac) Importer(815301076,1909f56bfc062723c751e8b465ee728b)  -> (artifact id: '4b82d569a10f09d263238f4b1496130d') in 0.014313 seconds 
========================================================================
Received Import Request.
  Time since last request: 0.000020 seconds.
  path: Assets/Finding Dory Assets/Finding Dory Assets/Pause Icon.png
  artifactKey: Guid(1b7c9a56e6b72154bb0ae704cc6439b0) Importer(815301076,1909f56bfc062723c751e8b465ee728b)
Start importing Assets/Finding Dory Assets/Finding Dory Assets/Pause Icon.png using Guid(1b7c9a56e6b72154bb0ae704cc6439b0) Importer(815301076,1909f56bfc062723c751e8b465ee728b)  -> (artifact id: '096322b240c94d1615c37e8b1de6d472') in 0.112707 seconds 
========================================================================
Received Import Request.
  Time since last request: 0.000023 seconds.
  path: Assets/Finding Dory Assets/Finding Dory Assets/Finding Dory Text.png
  artifactKey: Guid(0a0fa7d9302380a44afad9f1ef7339b4) Importer(815301076,1909f56bfc062723c751e8b465ee728b)
Start importing Assets/Finding Dory Assets/Finding Dory Assets/Finding Dory Text.png using Guid(0a0fa7d9302380a44afad9f1ef7339b4) Importer(815301076,1909f56bfc062723c751e8b465ee728b)  -> (artifact id: 'af6613fab8be75451ca85e4c211620ac') in 0.120008 seconds 
========================================================================
Received Import Request.
  Time since last request: 0.000065 seconds.
  path: Assets/Finding Dory Assets/Finding Dory Assets/Option Text Box.png
  artifactKey: Guid(459ef77ee2c791249bc420aec1efe515) Importer(815301076,1909f56bfc062723c751e8b465ee728b)
Start importing Assets/Finding Dory Assets/Finding Dory Assets/Option Text Box.png using Guid(459ef77ee2c791249bc420aec1efe515) Importer(815301076,1909f56bfc062723c751e8b465ee728b)  -> (artifact id: 'd37966e6ce9a739a233ccd88840ea1ab') in 0.116277 seconds 
========================================================================
Received Import Request.
  Time since last request: 0.000033 seconds.
  path: Assets/Finding Dory Assets/Finding Dory Assets/Answer Button.png
  artifactKey: Guid(c0774a78318031c4ab154c3cf65bb880) Importer(815301076,1909f56bfc062723c751e8b465ee728b)
Start importing Assets/Finding Dory Assets/Finding Dory Assets/Answer Button.png using Guid(c0774a78318031c4ab154c3cf65bb880) Importer(815301076,1909f56bfc062723c751e8b465ee728b)  -> (artifact id: '902a600dc1bf5b8b70a7bf923d86e1c0') in 0.114166 seconds 
========================================================================
Received Import Request.
  Time since last request: 0.000019 seconds.
  path: Assets/Finding Dory Assets/Finding Dory Assets/Easy Button.png
  artifactKey: Guid(0b5e7bc368d5b544cad7b1c794d4cfb9) Importer(815301076,1909f56bfc062723c751e8b465ee728b)
Start importing Assets/Finding Dory Assets/Finding Dory Assets/Easy Button.png using Guid(0b5e7bc368d5b544cad7b1c794d4cfb9) Importer(815301076,1909f56bfc062723c751e8b465ee728b)  -> (artifact id: '13d02ff5005462a65756d932817779bf') in 0.114710 seconds 
========================================================================
Received Import Request.
  Time since last request: 0.000023 seconds.
  path: Assets/Finding Dory Assets/Finding Dory Assets/How to Play Icon.png
  artifactKey: Guid(784271804b5790a449bc9655e24f8a6a) Importer(815301076,1909f56bfc062723c751e8b465ee728b)
Start importing Assets/Finding Dory Assets/Finding Dory Assets/How to Play Icon.png using Guid(784271804b5790a449bc9655e24f8a6a) Importer(815301076,1909f56bfc062723c751e8b465ee728b)  -> (artifact id: '286ce0c668e327eac0b05e74be61be33') in 0.106544 seconds 
========================================================================
Received Import Request.
  Time since last request: 0.000031 seconds.
  path: Assets/3. Game Mode Asset/Easy Button.png
  artifactKey: Guid(a67535eeca465764e8d883b9d9f29689) Importer(815301076,1909f56bfc062723c751e8b465ee728b)
Start importing Assets/3. Game Mode Asset/Easy Button.png using Guid(a67535eeca465764e8d883b9d9f29689) Importer(815301076,1909f56bfc062723c751e8b465ee728b)  -> (artifact id: '32fc302b5ba8b75cae08a89fc97cc5c2') in 0.016546 seconds 
========================================================================
Received Import Request.
  Time since last request: 0.000019 seconds.
  path: Assets/Finding Dory Assets/Finding Dory Assets/Hard Button.png
  artifactKey: Guid(a8c6733ebea34f745bd38e32a71c9084) Importer(815301076,1909f56bfc062723c751e8b465ee728b)
Start importing Assets/Finding Dory Assets/Finding Dory Assets/Hard Button.png using Guid(a8c6733ebea34f745bd38e32a71c9084) Importer(815301076,1909f56bfc062723c751e8b465ee728b)  -> (artifact id: '4e9c582d5bab8a242dfb661810370f80') in 0.114188 seconds 
========================================================================
Received Import Request.
  Time since last request: 0.000022 seconds.
  path: Assets/Finding Dory Assets/Finding Dory Assets/Credits Title Text.png
  artifactKey: Guid(19b5ab8dc17126c4aa2e6fc2f37db124) Importer(815301076,1909f56bfc062723c751e8b465ee728b)
Start importing Assets/Finding Dory Assets/Finding Dory Assets/Credits Title Text.png using Guid(19b5ab8dc17126c4aa2e6fc2f37db124) Importer(815301076,1909f56bfc062723c751e8b465ee728b)  -> (artifact id: '7cba8f5eaa52b49e10a079e2f3b09fe9') in 0.118604 seconds 
========================================================================
Received Import Request.
  Time since last request: 0.000022 seconds.
  path: Assets/Finding Dory Assets/Finding Dory Assets/Hint Icon.png
  artifactKey: Guid(7179aef6e322c56489ee9dff58b42a3b) Importer(815301076,1909f56bfc062723c751e8b465ee728b)
Start importing Assets/Finding Dory Assets/Finding Dory Assets/Hint Icon.png using Guid(7179aef6e322c56489ee9dff58b42a3b) Importer(815301076,1909f56bfc062723c751e8b465ee728b)  -> (artifact id: 'f9e37aa56337c93a40e0d24e183d3ea6') in 0.111978 seconds 
========================================================================
Received Import Request.
  Time since last request: 0.000032 seconds.
  path: Assets/3. Game Mode Asset/Hard Button.png
  artifactKey: Guid(6b287177370c1ff47985ad562c899b58) Importer(815301076,1909f56bfc062723c751e8b465ee728b)
Start importing Assets/3. Game Mode Asset/Hard Button.png using Guid(6b287177370c1ff47985ad562c899b58) Importer(815301076,1909f56bfc062723c751e8b465ee728b)  -> (artifact id: 'c5da8ce63608a2c7af44298b4b0029c5') in 0.019619 seconds 
========================================================================
Received Import Request.
  Time since last request: 0.000021 seconds.
  path: Assets/Finding Dory Assets/Finding Dory Assets/How to Play Text Box.png
  artifactKey: Guid(d7f14184ee07d7b4fac7edf211709a9e) Importer(815301076,1909f56bfc062723c751e8b465ee728b)
Start importing Assets/Finding Dory Assets/Finding Dory Assets/How to Play Text Box.png using Guid(d7f14184ee07d7b4fac7edf211709a9e) Importer(815301076,1909f56bfc062723c751e8b465ee728b)  -> (artifact id: 'c62c1b444878815c6c0e8795bc8ae39b') in 0.115294 seconds 
========================================================================
Received Import Request.
  Time since last request: 0.000019 seconds.
  path: Assets/Finding Dory Assets/Finding Dory Assets/Empty Text Box 2.png
  artifactKey: Guid(d3f1a8ff2bcbfc8499c35a8c5e72d600) Importer(815301076,1909f56bfc062723c751e8b465ee728b)
Start importing Assets/Finding Dory Assets/Finding Dory Assets/Empty Text Box 2.png using Guid(d3f1a8ff2bcbfc8499c35a8c5e72d600) Importer(815301076,1909f56bfc062723c751e8b465ee728b)  -> (artifact id: '4c5e25145d84f9d6edd4389959716fa8') in 0.105118 seconds 
========================================================================
Received Import Request.
  Time since last request: 0.000028 seconds.
  path: Assets/Finding Dory Assets/Finding Dory Assets/Game Completed Text Box.png
  artifactKey: Guid(1181cac99c0b55248a8b76d8f5682b64) Importer(815301076,1909f56bfc062723c751e8b465ee728b)
Start importing Assets/Finding Dory Assets/Finding Dory Assets/Game Completed Text Box.png using Guid(1181cac99c0b55248a8b76d8f5682b64) Importer(815301076,1909f56bfc062723c751e8b465ee728b)  -> (artifact id: '0325f701f0435a28376aeca633577765') in 0.116850 seconds 
========================================================================
Received Import Request.
  Time since last request: 0.000029 seconds.
  path: Assets/Finding Dory Assets/Finding Dory Assets/Guess the Fish - Line.png
  artifactKey: Guid(a0c59e50991a51b49b644f336953bdeb) Importer(815301076,1909f56bfc062723c751e8b465ee728b)
Start importing Assets/Finding Dory Assets/Finding Dory Assets/Guess the Fish - Line.png using Guid(a0c59e50991a51b49b644f336953bdeb) Importer(815301076,1909f56bfc062723c751e8b465ee728b)  -> (artifact id: 'bc8827f5822710f93a1f19fbb7fb7c8c') in 0.114009 seconds 
========================================================================
Received Import Request.
  Time since last request: 0.000021 seconds.
  path: Assets/Finding Dory Assets/Finding Dory Assets/About Us & Credits Text Box.png
  artifactKey: Guid(20af25c41c587c24a891d8cf6b94538a) Importer(815301076,1909f56bfc062723c751e8b465ee728b)
Start importing Assets/Finding Dory Assets/Finding Dory Assets/About Us & Credits Text Box.png using Guid(20af25c41c587c24a891d8cf6b94538a) Importer(815301076,1909f56bfc062723c751e8b465ee728b)  -> (artifact id: 'b2af2592da03a826151b495e19ffcde8') in 0.113041 seconds 
========================================================================
Received Import Request.
  Time since last request: 0.000022 seconds.
  path: Assets/Finding Dory Assets/Finding Dory Assets/Guess the Fish Text - Shark.png
  artifactKey: Guid(9956de0a317ad104f948000ed5864016) Importer(815301076,1909f56bfc062723c751e8b465ee728b)
Start importing Assets/Finding Dory Assets/Finding Dory Assets/Guess the Fish Text - Shark.png using Guid(9956de0a317ad104f948000ed5864016) Importer(815301076,1909f56bfc062723c751e8b465ee728b)  -> (artifact id: '913ed74ba4db26397de8961ea097ee1d') in 0.109753 seconds 
========================================================================
Received Import Request.
  Time since last request: 0.000040 seconds.
  path: Assets/Finding Dory Assets/Finding Dory Assets/Game Completed Empty Text Box.png
  artifactKey: Guid(be8ae118259145a4bb4d18f9f1d769df) Importer(815301076,1909f56bfc062723c751e8b465ee728b)
Start importing Assets/Finding Dory Assets/Finding Dory Assets/Game Completed Empty Text Box.png using Guid(be8ae118259145a4bb4d18f9f1d769df) Importer(815301076,1909f56bfc062723c751e8b465ee728b)  -> (artifact id: '2035f82fed53df3f0a9362e87e82c656') in 0.116386 seconds 
========================================================================
Received Import Request.
  Time since last request: 0.000019 seconds.
  path: Assets/2. Main Menu Asset/Quit Button.png
  artifactKey: Guid(e453c3b9c946a434680b30469988b5f1) Importer(815301076,1909f56bfc062723c751e8b465ee728b)
Start importing Assets/2. Main Menu Asset/Quit Button.png using Guid(e453c3b9c946a434680b30469988b5f1) Importer(815301076,1909f56bfc062723c751e8b465ee728b)  -> (artifact id: 'e547ed34e817db59d072f48c2239481b') in 0.028195 seconds 
========================================================================
Received Import Request.
  Time since last request: 0.000021 seconds.
  path: Assets/Finding Dory Assets/Finding Dory Assets/Resume Button.png
  artifactKey: Guid(34bf36977db64794eb1049875f577ca8) Importer(815301076,1909f56bfc062723c751e8b465ee728b)
Start importing Assets/Finding Dory Assets/Finding Dory Assets/Resume Button.png using Guid(34bf36977db64794eb1049875f577ca8) Importer(815301076,1909f56bfc062723c751e8b465ee728b)  -> (artifact id: '619d1bb5f6c841173dfc289230c74ca5') in 0.120108 seconds 
========================================================================
Received Import Request.
  Time since last request: 0.000023 seconds.
  path: Assets/Finding Dory Assets/Finding Dory Assets/Continue Text 1.png
  artifactKey: Guid(f0925bbc9e5b9c641b9a8cbcb70697e0) Importer(815301076,1909f56bfc062723c751e8b465ee728b)
Start importing Assets/Finding Dory Assets/Finding Dory Assets/Continue Text 1.png using Guid(f0925bbc9e5b9c641b9a8cbcb70697e0) Importer(815301076,1909f56bfc062723c751e8b465ee728b)  -> (artifact id: 'dc4d0220326c613e6bbd40ae40e36be6') in 0.110304 seconds 
========================================================================
Received Import Request.
  Time since last request: 0.000029 seconds.
  path: Assets/Finding Dory Assets/Finding Dory Assets/Game Over Text.png
  artifactKey: Guid(a9ab1f126a000894d8b7b569a2745687) Importer(815301076,1909f56bfc062723c751e8b465ee728b)
Start importing Assets/Finding Dory Assets/Finding Dory Assets/Game Over Text.png using Guid(a9ab1f126a000894d8b7b569a2745687) Importer(815301076,1909f56bfc062723c751e8b465ee728b)  -> (artifact id: '1de660a7c5444c2fa740c7dc578cb090') in 0.118023 seconds 
========================================================================
Received Import Request.
  Time since last request: 0.000020 seconds.
  path: Assets/Finding Dory Assets/Finding Dory Assets/Options Title Text.png
  artifactKey: Guid(f6d6bc71b90347644ab33c7c2329fe85) Importer(815301076,1909f56bfc062723c751e8b465ee728b)
Start importing Assets/Finding Dory Assets/Finding Dory Assets/Options Title Text.png using Guid(f6d6bc71b90347644ab33c7c2329fe85) Importer(815301076,1909f56bfc062723c751e8b465ee728b)  -> (artifact id: 'f115ab959becd12047a27882f23d730b') in 0.121511 seconds 
========================================================================
Received Import Request.
  Time since last request: 0.000029 seconds.
  path: Assets/Finding Dory Assets/Finding Dory Assets/Guess the Fish - Shark.png
  artifactKey: Guid(b6e25b4998a247c46ad482dfb03fd709) Importer(815301076,1909f56bfc062723c751e8b465ee728b)
Start importing Assets/Finding Dory Assets/Finding Dory Assets/Guess the Fish - Shark.png using Guid(b6e25b4998a247c46ad482dfb03fd709) Importer(815301076,1909f56bfc062723c751e8b465ee728b)  -> (artifact id: '522726ef4784c2f2d3207cd6db60a33e') in 0.110934 seconds 
========================================================================
Received Import Request.
  Time since last request: 0.000029 seconds.
  path: Assets/Finding Dory Assets/Finding Dory Assets/How to Play Screen.png
  artifactKey: Guid(e6770e05ee077a248b44f4224f82598f) Importer(815301076,1909f56bfc062723c751e8b465ee728b)
Start importing Assets/Finding Dory Assets/Finding Dory Assets/How to Play Screen.png using Guid(e6770e05ee077a248b44f4224f82598f) Importer(815301076,1909f56bfc062723c751e8b465ee728b)  -> (artifact id: '9aea426db16853c75bf9d854b93c860f') in 0.110465 seconds 
========================================================================
Received Import Request.
  Time since last request: 0.000020 seconds.
  path: Assets/Finding Dory Assets/Finding Dory Assets/Guess the Fish Text Box.png
  artifactKey: Guid(aa77fb03f597048458d6b5b861387848) Importer(815301076,1909f56bfc062723c751e8b465ee728b)
Start importing Assets/Finding Dory Assets/Finding Dory Assets/Guess the Fish Text Box.png using Guid(aa77fb03f597048458d6b5b861387848) Importer(815301076,1909f56bfc062723c751e8b465ee728b)  -> (artifact id: '370073b5a50494c545f63babe333f38c') in 0.111248 seconds 
========================================================================
Received Import Request.
  Time since last request: 0.000028 seconds.
  path: Assets/Finding Dory Assets/Finding Dory Assets/Paused Text Box.png
  artifactKey: Guid(1ba6e7bea654cf440804ffe0d7703716) Importer(815301076,1909f56bfc062723c751e8b465ee728b)
Start importing Assets/Finding Dory Assets/Finding Dory Assets/Paused Text Box.png using Guid(1ba6e7bea654cf440804ffe0d7703716) Importer(815301076,1909f56bfc062723c751e8b465ee728b)  -> (artifact id: 'de26326d2ebf802b2726585bc7f4e430') in 0.110271 seconds 
========================================================================
Received Import Request.
  Time since last request: 0.000035 seconds.
  path: Assets/Finding Dory Assets/Finding Dory Assets/Game Over Text Box.png
  artifactKey: Guid(e0080d2828309b149b1b5b835eac67b9) Importer(815301076,1909f56bfc062723c751e8b465ee728b)
Start importing Assets/Finding Dory Assets/Finding Dory Assets/Game Over Text Box.png using Guid(e0080d2828309b149b1b5b835eac67b9) Importer(815301076,1909f56bfc062723c751e8b465ee728b)  -> (artifact id: 'bbd1fe580bccca85b550fd5b0c9498bc') in 0.106447 seconds 
========================================================================
Received Import Request.
  Time since last request: 0.000020 seconds.
  path: Assets/Finding Dory Assets/Finding Dory Assets/Guess The Fish Title Text.png
  artifactKey: Guid(6dd7502540c425a449cce32cd9aae86b) Importer(815301076,1909f56bfc062723c751e8b465ee728b)
Start importing Assets/Finding Dory Assets/Finding Dory Assets/Guess The Fish Title Text.png using Guid(6dd7502540c425a449cce32cd9aae86b) Importer(815301076,1909f56bfc062723c751e8b465ee728b)  -> (artifact id: '6a14d88904aa981f6045cfd12bdfb66a') in 0.121268 seconds 
========================================================================
Received Import Request.
  Time since last request: 0.000022 seconds.
  path: Assets/Finding Dory Assets/Finding Dory Assets/About us Icon.png
  artifactKey: Guid(f029fbd1c1a1ce54a9cdb4025903c79a) Importer(815301076,1909f56bfc062723c751e8b465ee728b)
Start importing Assets/Finding Dory Assets/Finding Dory Assets/About us Icon.png using Guid(f029fbd1c1a1ce54a9cdb4025903c79a) Importer(815301076,1909f56bfc062723c751e8b465ee728b)  -> (artifact id: 'b68fa0c7b6337b8806dd084d64ca5d47') in 0.111258 seconds 
========================================================================
Received Import Request.
  Time since last request: 0.000030 seconds.
  path: Assets/Finding Dory Assets/Finding Dory Assets/Guess the Fish - Eel.png
  artifactKey: Guid(8c325ba5344954246b8dced479f7b822) Importer(815301076,1909f56bfc062723c751e8b465ee728b)
Start importing Assets/Finding Dory Assets/Finding Dory Assets/Guess the Fish - Eel.png using Guid(8c325ba5344954246b8dced479f7b822) Importer(815301076,1909f56bfc062723c751e8b465ee728b)  -> (artifact id: '526367840a0aa729c4108bfc7ad4bbc9') in 0.111316 seconds 
========================================================================
Received Import Request.
  Time since last request: 0.000020 seconds.
  path: Assets/Finding Dory Assets/Finding Dory Assets/Game Completed Text.png
  artifactKey: Guid(17bb22b7d9122384d9e894b1fc872285) Importer(815301076,1909f56bfc062723c751e8b465ee728b)
Start importing Assets/Finding Dory Assets/Finding Dory Assets/Game Completed Text.png using Guid(17bb22b7d9122384d9e894b1fc872285) Importer(815301076,1909f56bfc062723c751e8b465ee728b)  -> (artifact id: '884f4a9f030fd4e4f602fc5320db2f5a') in 0.117316 seconds 
========================================================================
Received Import Request.
  Time since last request: 0.000022 seconds.
  path: Assets/Finding Dory Assets/Finding Dory Assets
  artifactKey: Guid(68482c5c4391c5941b5b8427b4304f8f) Importer(815301076,1909f56bfc062723c751e8b465ee728b)
Start importing Assets/Finding Dory Assets/Finding Dory Assets using Guid(68482c5c4391c5941b5b8427b4304f8f) Importer(815301076,1909f56bfc062723c751e8b465ee728b)  -> (artifact id: 'f3607749088ec05829f3a1acc881c18d') in 0.006059 seconds 
========================================================================
Received Import Request.
  Time since last request: 0.000027 seconds.
  path: Assets/3. Game Mode Asset/Medium Button.png
  artifactKey: Guid(3bdd06707f811a249aea5478d082ea27) Importer(815301076,1909f56bfc062723c751e8b465ee728b)
Start importing Assets/3. Game Mode Asset/Medium Button.png using Guid(3bdd06707f811a249aea5478d082ea27) Importer(815301076,1909f56bfc062723c751e8b465ee728b)  -> (artifact id: 'dad82d808ceb021ec90a74751192f313') in 0.019335 seconds 
========================================================================
Received Import Request.
  Time since last request: 0.000019 seconds.
  path: Assets/Finding Dory Assets/Finding Dory Assets/Continue Text 2.png
  artifactKey: Guid(c2b8ed9797eaaa443833661901315eb1) Importer(815301076,1909f56bfc062723c751e8b465ee728b)
Start importing Assets/Finding Dory Assets/Finding Dory Assets/Continue Text 2.png using Guid(c2b8ed9797eaaa443833661901315eb1) Importer(815301076,1909f56bfc062723c751e8b465ee728b)  -> (artifact id: 'ddf92db562b6e0823af2f39760e506a2') in 0.119529 seconds 
========================================================================
Received Import Request.
  Time since last request: 0.000025 seconds.
  path: Assets/Finding Dory Assets/Finding Dory Assets/About Us Title Text.png
  artifactKey: Guid(24ac61819b72e264aa43bc304fbc891d) Importer(815301076,1909f56bfc062723c751e8b465ee728b)
Start importing Assets/Finding Dory Assets/Finding Dory Assets/About Us Title Text.png using Guid(24ac61819b72e264aa43bc304fbc891d) Importer(815301076,1909f56bfc062723c751e8b465ee728b)  -> (artifact id: '0fa4224e87f2139a1e971314a8b54331') in 0.133743 seconds 
========================================================================
Received Prepare
Registering precompiled user dll's ...
Registered in 0.008731 seconds.
Begin MonoManager ReloadAssembly
Symbol file LoadedFromMemory doesn't match image C:\Users\crllm\OneDrive\Desktop\CPETECHUNITY\FindingDory\FindingDoryGameProject\Finding Dory\Library\PackageCache\com.unity.visualscripting@1.7.8\Editor\VisualScripting.Core\Dependencies\YamlDotNet\Unity.VisualScripting.YamlDotNet.dll
Symbol file LoadedFromMemory doesn't match image C:\Users\crllm\OneDrive\Desktop\CPETECHUNITY\FindingDory\FindingDoryGameProject\Finding Dory\Library\PackageCache\com.unity.visualscripting@1.7.8\Editor\VisualScripting.Core\Dependencies\DotNetZip\Unity.VisualScripting.IonicZip.dll
Native extension for WindowsStandalone target not found
Native extension for WebGL target not found
Refreshing native plugins compatible for Editor in 2.26 ms, found 4 plugins.
Preloading 0 native plugins for Editor in 0.00 ms.
Mono: successfully reloaded assembly
- Completed reload, in  1.685 seconds
Domain Reload Profiling:
	ReloadAssembly (1687ms)
		BeginReloadAssembly (179ms)
			ExecutionOrderSort (0ms)
			DisableScriptedObjects (9ms)
			BackupInstance (0ms)
			ReleaseScriptingObjects (0ms)
			CreateAndSetChildDomain (56ms)
		EndReloadAssembly (1369ms)
			LoadAssemblies (134ms)
			RebuildTransferFunctionScriptingTraits (0ms)
			SetupTypeCache (434ms)
			ReleaseScriptCaches (3ms)
			RebuildScriptCaches (76ms)
			SetupLoadedEditorAssemblies (625ms)
				LogAssemblyErrors (0ms)
				InitializePlatformSupportModulesInManaged (24ms)
				SetLoadedEditorAssemblies (1ms)
				RefreshPlugins (2ms)
				BeforeProcessingInitializeOnLoad (132ms)
				ProcessInitializeOnLoadAttributes (384ms)
				ProcessInitializeOnLoadMethodAttributes (69ms)
				AfterProcessingInitializeOnLoad (11ms)
				EditorAssembliesLoaded (0ms)
			ExecutionOrderSort2 (0ms)
			AwakeInstancesAfterBackupRestoration (14ms)
Platform modules already initialized, skipping
Refreshing native plugins compatible for Editor in 6.79 ms, found 4 plugins.
Preloading 0 native plugins for Editor in 0.00 ms.
Unloading 4080 Unused Serialized files (Serialized files now loaded: 0)
Unloading 25 unused Assets / (24.7 KB). Loaded Objects now: 4600.
Memory consumption went from 158.4 MB to 158.4 MB.
Total: 6.685600 ms (FindLiveObjects: 0.879400 ms CreateObjectMapping: 0.268700 ms MarkObjects: 5.492900 ms  DeleteObjects: 0.042500 ms)

AssetImportParameters requested are different than current active one (requested -> active):
  custom:video-decoder-ogg-theora: a1e56fd34408186e4bbccfd4996cb3dc -> 
  custom:container-muxer-webm: aa71ff27fc2769a1b78a27578f13a17b -> 
  custom:container-demuxer-webm: 4f35f7cbe854078d1ac9338744f61a02 -> 
  custom:video-encoder-webm-vp8: eb34c28f22e8b96e1ab97ce403110664 -> 
  custom:audio-encoder-webm-vorbis: bf7c407c2cedff20999df2af8eb42d56 -> 
  custom:framework-win-MediaFoundation: 216162199b28c13a410421893ffa2e32 -> 
  custom:container-demuxer-ogg: 62fdf1f143b41e24485cea50d1cbac27 -> 
  custom:video-decoder-webm-vp8: 9c59270c3fd7afecdb556c50c9e8de78 -> 
  custom:audio-decoder-ogg-vorbis: bf7c407c2cedff20999df2af8eb42d56 -> 
========================================================================
Received Prepare
Registering precompiled user dll's ...
Registered in 0.008986 seconds.
Begin MonoManager ReloadAssembly
Symbol file LoadedFromMemory doesn't match image C:\Users\crllm\OneDrive\Desktop\CPETECHUNITY\FindingDory\FindingDoryGameProject\Finding Dory\Library\PackageCache\com.unity.visualscripting@1.7.8\Editor\VisualScripting.Core\Dependencies\YamlDotNet\Unity.VisualScripting.YamlDotNet.dll
Symbol file LoadedFromMemory doesn't match image C:\Users\crllm\OneDrive\Desktop\CPETECHUNITY\FindingDory\FindingDoryGameProject\Finding Dory\Library\PackageCache\com.unity.visualscripting@1.7.8\Editor\VisualScripting.Core\Dependencies\DotNetZip\Unity.VisualScripting.IonicZip.dll
Native extension for WindowsStandalone target not found
Native extension for WebGL target not found
Refreshing native plugins compatible for Editor in 1.18 ms, found 4 plugins.
Preloading 0 native plugins for Editor in 0.00 ms.
Mono: successfully reloaded assembly
- Completed reload, in  1.309 seconds
Domain Reload Profiling:
	ReloadAssembly (1311ms)
		BeginReloadAssembly (176ms)
			ExecutionOrderSort (0ms)
			DisableScriptedObjects (10ms)
			BackupInstance (0ms)
			ReleaseScriptingObjects (0ms)
			CreateAndSetChildDomain (59ms)
		EndReloadAssembly (1007ms)
			LoadAssemblies (106ms)
			RebuildTransferFunctionScriptingTraits (0ms)
			SetupTypeCache (299ms)
			ReleaseScriptCaches (2ms)
			RebuildScriptCaches (59ms)
			SetupLoadedEditorAssemblies (471ms)
				LogAssemblyErrors (0ms)
				InitializePlatformSupportModulesInManaged (22ms)
				SetLoadedEditorAssemblies (1ms)
				RefreshPlugins (1ms)
				BeforeProcessingInitializeOnLoad (101ms)
				ProcessInitializeOnLoadAttributes (281ms)
				ProcessInitializeOnLoadMethodAttributes (52ms)
				AfterProcessingInitializeOnLoad (12ms)
				EditorAssembliesLoaded (0ms)
			ExecutionOrderSort2 (0ms)
			AwakeInstancesAfterBackupRestoration (12ms)
Platform modules already initialized, skipping
Refreshing native plugins compatible for Editor in 6.09 ms, found 4 plugins.
Preloading 0 native plugins for Editor in 0.00 ms.
Unloading 4080 Unused Serialized files (Serialized files now loaded: 0)
Unloading 25 unused Assets / (24.7 KB). Loaded Objects now: 4603.
Memory consumption went from 158.4 MB to 158.4 MB.
Total: 8.822900 ms (FindLiveObjects: 0.321000 ms CreateObjectMapping: 0.140800 ms MarkObjects: 8.236400 ms  DeleteObjects: 0.122600 ms)

AssetImportParameters requested are different than current active one (requested -> active):
  custom:video-decoder-ogg-theora: a1e56fd34408186e4bbccfd4996cb3dc -> 
  custom:container-muxer-webm: aa71ff27fc2769a1b78a27578f13a17b -> 
  custom:container-demuxer-webm: 4f35f7cbe854078d1ac9338744f61a02 -> 
  custom:video-encoder-webm-vp8: eb34c28f22e8b96e1ab97ce403110664 -> 
  custom:audio-encoder-webm-vorbis: bf7c407c2cedff20999df2af8eb42d56 -> 
  custom:framework-win-MediaFoundation: 216162199b28c13a410421893ffa2e32 -> 
  custom:container-demuxer-ogg: 62fdf1f143b41e24485cea50d1cbac27 -> 
  custom:video-decoder-webm-vp8: 9c59270c3fd7afecdb556c50c9e8de78 -> 
  custom:audio-decoder-ogg-vorbis: bf7c407c2cedff20999df2af8eb42d56 -> 
========================================================================
Received Prepare
Registering precompiled user dll's ...
Registered in 0.015878 seconds.
Begin MonoManager ReloadAssembly
Symbol file LoadedFromMemory doesn't match image C:\Users\crllm\OneDrive\Desktop\CPETECHUNITY\FindingDory\FindingDoryGameProject\Finding Dory\Library\PackageCache\com.unity.visualscripting@1.7.8\Editor\VisualScripting.Core\Dependencies\YamlDotNet\Unity.VisualScripting.YamlDotNet.dll
Symbol file LoadedFromMemory doesn't match image C:\Users\crllm\OneDrive\Desktop\CPETECHUNITY\FindingDory\FindingDoryGameProject\Finding Dory\Library\PackageCache\com.unity.visualscripting@1.7.8\Editor\VisualScripting.Core\Dependencies\DotNetZip\Unity.VisualScripting.IonicZip.dll
Native extension for WindowsStandalone target not found
Native extension for WebGL target not found
Refreshing native plugins compatible for Editor in 1.06 ms, found 4 plugins.
Preloading 0 native plugins for Editor in 0.00 ms.
Mono: successfully reloaded assembly
- Completed reload, in  1.314 seconds
Domain Reload Profiling:
	ReloadAssembly (1315ms)
		BeginReloadAssembly (158ms)
			ExecutionOrderSort (0ms)
			DisableScriptedObjects (10ms)
			BackupInstance (0ms)
			ReleaseScriptingObjects (0ms)
			CreateAndSetChildDomain (49ms)
		EndReloadAssembly (1009ms)
			LoadAssemblies (102ms)
			RebuildTransferFunctionScriptingTraits (0ms)
			SetupTypeCache (281ms)
			ReleaseScriptCaches (2ms)
			RebuildScriptCaches (51ms)
			SetupLoadedEditorAssemblies (500ms)
				LogAssemblyErrors (0ms)
				InitializePlatformSupportModulesInManaged (18ms)
				SetLoadedEditorAssemblies (1ms)
				RefreshPlugins (1ms)
				BeforeProcessingInitializeOnLoad (101ms)
				ProcessInitializeOnLoadAttributes (323ms)
				ProcessInitializeOnLoadMethodAttributes (49ms)
				AfterProcessingInitializeOnLoad (8ms)
				EditorAssembliesLoaded (0ms)
			ExecutionOrderSort2 (0ms)
			AwakeInstancesAfterBackupRestoration (11ms)
Platform modules already initialized, skipping
Refreshing native plugins compatible for Editor in 3.57 ms, found 4 plugins.
Preloading 0 native plugins for Editor in 0.00 ms.
Unloading 4080 Unused Serialized files (Serialized files now loaded: 0)
Unloading 25 unused Assets / (24.7 KB). Loaded Objects now: 4606.
Memory consumption went from 158.4 MB to 158.4 MB.
Total: 4.517500 ms (FindLiveObjects: 0.428800 ms CreateObjectMapping: 0.192400 ms MarkObjects: 3.845600 ms  DeleteObjects: 0.047700 ms)

AssetImportParameters requested are different than current active one (requested -> active):
  custom:video-decoder-ogg-theora: a1e56fd34408186e4bbccfd4996cb3dc -> 
  custom:container-muxer-webm: aa71ff27fc2769a1b78a27578f13a17b -> 
  custom:container-demuxer-webm: 4f35f7cbe854078d1ac9338744f61a02 -> 
  custom:video-encoder-webm-vp8: eb34c28f22e8b96e1ab97ce403110664 -> 
  custom:audio-encoder-webm-vorbis: bf7c407c2cedff20999df2af8eb42d56 -> 
  custom:framework-win-MediaFoundation: 216162199b28c13a410421893ffa2e32 -> 
  custom:container-demuxer-ogg: 62fdf1f143b41e24485cea50d1cbac27 -> 
  custom:video-decoder-webm-vp8: 9c59270c3fd7afecdb556c50c9e8de78 -> 
  custom:audio-decoder-ogg-vorbis: bf7c407c2cedff20999df2af8eb42d56 -> 
========================================================================
Received Prepare
Registering precompiled user dll's ...
Registered in 0.009614 seconds.
Begin MonoManager ReloadAssembly
Symbol file LoadedFromMemory doesn't match image C:\Users\crllm\OneDrive\Desktop\CPETECHUNITY\FindingDory\FindingDoryGameProject\Finding Dory\Library\PackageCache\com.unity.visualscripting@1.7.8\Editor\VisualScripting.Core\Dependencies\YamlDotNet\Unity.VisualScripting.YamlDotNet.dll
Symbol file LoadedFromMemory doesn't match image C:\Users\crllm\OneDrive\Desktop\CPETECHUNITY\FindingDory\FindingDoryGameProject\Finding Dory\Library\PackageCache\com.unity.visualscripting@1.7.8\Editor\VisualScripting.Core\Dependencies\DotNetZip\Unity.VisualScripting.IonicZip.dll
Native extension for WindowsStandalone target not found
Native extension for WebGL target not found
Refreshing native plugins compatible for Editor in 1.16 ms, found 4 plugins.
Preloading 0 native plugins for Editor in 0.00 ms.
Mono: successfully reloaded assembly
- Completed reload, in  1.417 seconds
Domain Reload Profiling:
	ReloadAssembly (1418ms)
		BeginReloadAssembly (170ms)
			ExecutionOrderSort (0ms)
			DisableScriptedObjects (11ms)
			BackupInstance (0ms)
			ReleaseScriptingObjects (0ms)
			CreateAndSetChildDomain (52ms)
		EndReloadAssembly (1106ms)
			LoadAssemblies (108ms)
			RebuildTransferFunctionScriptingTraits (0ms)
			SetupTypeCache (319ms)
			ReleaseScriptCaches (3ms)
			RebuildScriptCaches (76ms)
			SetupLoadedEditorAssemblies (533ms)
				LogAssemblyErrors (0ms)
				InitializePlatformSupportModulesInManaged (26ms)
				SetLoadedEditorAssemblies (1ms)
				RefreshPlugins (1ms)
				BeforeProcessingInitializeOnLoad (118ms)
				ProcessInitializeOnLoadAttributes (328ms)
				ProcessInitializeOnLoadMethodAttributes (51ms)
				AfterProcessingInitializeOnLoad (8ms)
				EditorAssembliesLoaded (0ms)
			ExecutionOrderSort2 (0ms)
			AwakeInstancesAfterBackupRestoration (11ms)
Platform modules already initialized, skipping
Refreshing native plugins compatible for Editor in 5.61 ms, found 4 plugins.
Preloading 0 native plugins for Editor in 0.00 ms.
Unloading 4080 Unused Serialized files (Serialized files now loaded: 0)
Unloading 25 unused Assets / (24.7 KB). Loaded Objects now: 4609.
Memory consumption went from 158.4 MB to 158.4 MB.
Total: 4.962900 ms (FindLiveObjects: 0.316700 ms CreateObjectMapping: 0.138600 ms MarkObjects: 4.471200 ms  DeleteObjects: 0.034900 ms)

AssetImportParameters requested are different than current active one (requested -> active):
  custom:video-decoder-ogg-theora: a1e56fd34408186e4bbccfd4996cb3dc -> 
  custom:container-muxer-webm: aa71ff27fc2769a1b78a27578f13a17b -> 
  custom:container-demuxer-webm: 4f35f7cbe854078d1ac9338744f61a02 -> 
  custom:video-encoder-webm-vp8: eb34c28f22e8b96e1ab97ce403110664 -> 
  custom:audio-encoder-webm-vorbis: bf7c407c2cedff20999df2af8eb42d56 -> 
  custom:framework-win-MediaFoundation: 216162199b28c13a410421893ffa2e32 -> 
  custom:container-demuxer-ogg: 62fdf1f143b41e24485cea50d1cbac27 -> 
  custom:video-decoder-webm-vp8: 9c59270c3fd7afecdb556c50c9e8de78 -> 
  custom:audio-decoder-ogg-vorbis: bf7c407c2cedff20999df2af8eb42d56 -> 
========================================================================
Received Prepare
Registering precompiled user dll's ...
Registered in 0.008441 seconds.
Begin MonoManager ReloadAssembly
Symbol file LoadedFromMemory doesn't match image C:\Users\crllm\OneDrive\Desktop\CPETECHUNITY\FindingDory\FindingDoryGameProject\Finding Dory\Library\PackageCache\com.unity.visualscripting@1.7.8\Editor\VisualScripting.Core\Dependencies\YamlDotNet\Unity.VisualScripting.YamlDotNet.dll
Symbol file LoadedFromMemory doesn't match image C:\Users\crllm\OneDrive\Desktop\CPETECHUNITY\FindingDory\FindingDoryGameProject\Finding Dory\Library\PackageCache\com.unity.visualscripting@1.7.8\Editor\VisualScripting.Core\Dependencies\DotNetZip\Unity.VisualScripting.IonicZip.dll
Native extension for WindowsStandalone target not found
Native extension for WebGL target not found
Refreshing native plugins compatible for Editor in 1.99 ms, found 4 plugins.
Preloading 0 native plugins for Editor in 0.00 ms.
Mono: successfully reloaded assembly
- Completed reload, in  1.409 seconds
Domain Reload Profiling:
	ReloadAssembly (1410ms)
		BeginReloadAssembly (200ms)
			ExecutionOrderSort (0ms)
			DisableScriptedObjects (8ms)
			BackupInstance (0ms)
			ReleaseScriptingObjects (0ms)
			CreateAndSetChildDomain (75ms)
		EndReloadAssembly (1086ms)
			LoadAssemblies (134ms)
			RebuildTransferFunctionScriptingTraits (0ms)
			SetupTypeCache (335ms)
			ReleaseScriptCaches (3ms)
			RebuildScriptCaches (69ms)
			SetupLoadedEditorAssemblies (482ms)
				LogAssemblyErrors (0ms)
				InitializePlatformSupportModulesInManaged (19ms)
				SetLoadedEditorAssemblies (1ms)
				RefreshPlugins (2ms)
				BeforeProcessingInitializeOnLoad (106ms)
				ProcessInitializeOnLoadAttributes (290ms)
				ProcessInitializeOnLoadMethodAttributes (55ms)
				AfterProcessingInitializeOnLoad (9ms)
				EditorAssembliesLoaded (0ms)
			ExecutionOrderSort2 (0ms)
			AwakeInstancesAfterBackupRestoration (13ms)
Platform modules already initialized, skipping
Refreshing native plugins compatible for Editor in 4.29 ms, found 4 plugins.
Preloading 0 native plugins for Editor in 0.00 ms.
Unloading 4080 Unused Serialized files (Serialized files now loaded: 0)
Unloading 25 unused Assets / (24.7 KB). Loaded Objects now: 4612.
Memory consumption went from 158.4 MB to 158.4 MB.
Total: 5.906800 ms (FindLiveObjects: 0.667500 ms CreateObjectMapping: 0.138400 ms MarkObjects: 5.032600 ms  DeleteObjects: 0.065900 ms)

AssetImportParameters requested are different than current active one (requested -> active):
  custom:video-decoder-ogg-theora: a1e56fd34408186e4bbccfd4996cb3dc -> 
  custom:container-muxer-webm: aa71ff27fc2769a1b78a27578f13a17b -> 
  custom:container-demuxer-webm: 4f35f7cbe854078d1ac9338744f61a02 -> 
  custom:video-encoder-webm-vp8: eb34c28f22e8b96e1ab97ce403110664 -> 
  custom:audio-encoder-webm-vorbis: bf7c407c2cedff20999df2af8eb42d56 -> 
  custom:framework-win-MediaFoundation: 216162199b28c13a410421893ffa2e32 -> 
  custom:container-demuxer-ogg: 62fdf1f143b41e24485cea50d1cbac27 -> 
  custom:video-decoder-webm-vp8: 9c59270c3fd7afecdb556c50c9e8de78 -> 
  custom:audio-decoder-ogg-vorbis: bf7c407c2cedff20999df2af8eb42d56 -> 
========================================================================
Received Prepare
Registering precompiled user dll's ...
Registered in 0.007058 seconds.
Begin MonoManager ReloadAssembly
Symbol file LoadedFromMemory doesn't match image C:\Users\crllm\OneDrive\Desktop\CPETECHUNITY\FindingDory\FindingDoryGameProject\Finding Dory\Library\PackageCache\com.unity.visualscripting@1.7.8\Editor\VisualScripting.Core\Dependencies\YamlDotNet\Unity.VisualScripting.YamlDotNet.dll
Symbol file LoadedFromMemory doesn't match image C:\Users\crllm\OneDrive\Desktop\CPETECHUNITY\FindingDory\FindingDoryGameProject\Finding Dory\Library\PackageCache\com.unity.visualscripting@1.7.8\Editor\VisualScripting.Core\Dependencies\DotNetZip\Unity.VisualScripting.IonicZip.dll
Native extension for WindowsStandalone target not found
Native extension for WebGL target not found
Refreshing native plugins compatible for Editor in 1.20 ms, found 4 plugins.
Preloading 0 native plugins for Editor in 0.00 ms.
Mono: successfully reloaded assembly
- Completed reload, in  1.152 seconds
Domain Reload Profiling:
	ReloadAssembly (1153ms)
		BeginReloadAssembly (175ms)
			ExecutionOrderSort (0ms)
			DisableScriptedObjects (9ms)
			BackupInstance (0ms)
			ReleaseScriptingObjects (0ms)
			CreateAndSetChildDomain (49ms)
		EndReloadAssembly (865ms)
			LoadAssemblies (126ms)
			RebuildTransferFunctionScriptingTraits (0ms)
			SetupTypeCache (256ms)
			ReleaseScriptCaches (1ms)
			RebuildScriptCaches (43ms)
			SetupLoadedEditorAssemblies (393ms)
				LogAssemblyErrors (0ms)
				InitializePlatformSupportModulesInManaged (17ms)
				SetLoadedEditorAssemblies (1ms)
				RefreshPlugins (1ms)
				BeforeProcessingInitializeOnLoad (92ms)
				ProcessInitializeOnLoadAttributes (233ms)
				ProcessInitializeOnLoadMethodAttributes (44ms)
				AfterProcessingInitializeOnLoad (6ms)
				EditorAssembliesLoaded (0ms)
			ExecutionOrderSort2 (0ms)
			AwakeInstancesAfterBackupRestoration (8ms)
Platform modules already initialized, skipping
Refreshing native plugins compatible for Editor in 3.81 ms, found 4 plugins.
Preloading 0 native plugins for Editor in 0.00 ms.
Unloading 4081 Unused Serialized files (Serialized files now loaded: 0)
Unloading 25 unused Assets / (24.8 KB). Loaded Objects now: 4616.
Memory consumption went from 158.4 MB to 158.4 MB.
Total: 3.795200 ms (FindLiveObjects: 0.594000 ms CreateObjectMapping: 0.110300 ms MarkObjects: 3.054800 ms  DeleteObjects: 0.034600 ms)

AssetImportParameters requested are different than current active one (requested -> active):
  custom:video-decoder-ogg-theora: a1e56fd34408186e4bbccfd4996cb3dc -> 
  custom:container-muxer-webm: aa71ff27fc2769a1b78a27578f13a17b -> 
  custom:container-demuxer-webm: 4f35f7cbe854078d1ac9338744f61a02 -> 
  custom:video-encoder-webm-vp8: eb34c28f22e8b96e1ab97ce403110664 -> 
  custom:audio-encoder-webm-vorbis: bf7c407c2cedff20999df2af8eb42d56 -> 
  custom:framework-win-MediaFoundation: 216162199b28c13a410421893ffa2e32 -> 
  custom:container-demuxer-ogg: 62fdf1f143b41e24485cea50d1cbac27 -> 
  custom:video-decoder-webm-vp8: 9c59270c3fd7afecdb556c50c9e8de78 -> 
  custom:audio-decoder-ogg-vorbis: bf7c407c2cedff20999df2af8eb42d56 -> 
